<?xml version="1.0" encoding="UTF-8"?>
<!-- Generated by org.testng.reporters.JUnitXMLReporter -->
<testsuite ignored="0" hostname="LpEdGe" failures="0" tests="3" name="My Test" time="51.792" errors="0" timestamp="2023-11-14T09:18:19 CST">
  <testcase classname="tests.Login_test" name="LoginTest" time="17.029"/>
  <testcase classname="tests.transferencia.Transferencia_propia_test" name="TransferenciaPropiaTest" time="14.296"/>
  <testcase classname="tests.transferencia.Transferencia_propia_test" name="TransferenciaPropiaTest" time="14.435"/>
</testsuite> <!-- My Test -->
