<?xml version="1.0" encoding="UTF-8"?>
<!-- Generated by org.testng.reporters.JUnitXMLReporter -->
<testsuite ignored="0" hostname="LpEdGe" failures="0" tests="3" name="My Test" time="46.296" errors="0" timestamp="2023-11-13T09:53:30 CST">
  <testcase classname="tests.Login_test" name="LoginTest" time="21.392"/>
  <testcase classname="tests.transferencia.Transferencia_propia_test" name="TransferenciaPropiaTest" time="11.583"/>
  <testcase classname="tests.transferencia.Transferencia_propia_test" name="TransferenciaPropiaTest" time="9.749"/>
</testsuite> <!-- My Test -->
