<?xml version="1.0" encoding="UTF-8"?>
<testng-results ignored="0" total="3" passed="3" failed="0" skipped="0">
  <reporter-output>
  </reporter-output>
  <suite started-at="2023-11-14T09:17:27 CST" name="My Suite" finished-at="2023-11-14T09:18:19 CST" duration-ms="51792">
    <groups>
    </groups>
    <test started-at="2023-11-14T09:17:27 CST" name="My Test" finished-at="2023-11-14T09:18:19 CST" duration-ms="51792">
      <class name="tests.Login_test">
        <test-method signature="LoginTest()[pri:0, instance:tests.Login_test@6874c81a]" started-at="2023-11-14T09:17:27 CST" name="LoginTest" finished-at="2023-11-14T09:17:44 CST" duration-ms="17029" status="PASS">
          <reporter-output>
          </reporter-output>
        </test-method> <!-- LoginTest -->
      </class> <!-- tests.Login_test -->
      <class name="tests.transferencia.Transferencia_propia_test">
        <test-method signature="TransferenciaPropiaTest(java.lang.String, java.lang.String, java.lang.String, int)[pri:0, instance:tests.transferencia.Transferencia_propia_test@2c2b2766]" started-at="2023-11-14T09:17:45 CST" name="TransferenciaPropiaTest" data-provider="Operacion" finished-at="2023-11-14T09:17:59 CST" duration-ms="14296" status="PASS">
          <params>
            <param index="0">
              <value>
                <![CDATA[2690046053]]>
              </value>
            </param>
            <param index="1">
              <value>
                <![CDATA[5370209198]]>
              </value>
            </param>
            <param index="2">
              <value>
                <![CDATA[1]]>
              </value>
            </param>
            <param index="3">
              <value>
                <![CDATA[1]]>
              </value>
            </param>
          </params>
          <reporter-output>
          </reporter-output>
        </test-method> <!-- TransferenciaPropiaTest -->
        <test-method signature="TransferenciaPropiaTest(java.lang.String, java.lang.String, java.lang.String, int)[pri:0, instance:tests.transferencia.Transferencia_propia_test@2c2b2766]" started-at="2023-11-14T09:17:59 CST" name="TransferenciaPropiaTest" data-provider="Operacion" finished-at="2023-11-14T09:18:14 CST" duration-ms="14435" status="PASS">
          <params>
            <param index="0">
              <value>
                <![CDATA[2690046053]]>
              </value>
            </param>
            <param index="1">
              <value>
                <![CDATA[4222971]]>
              </value>
            </param>
            <param index="2">
              <value>
                <![CDATA[1]]>
              </value>
            </param>
            <param index="3">
              <value>
                <![CDATA[2]]>
              </value>
            </param>
          </params>
          <reporter-output>
          </reporter-output>
        </test-method> <!-- TransferenciaPropiaTest -->
        <test-method is-config="true" signature="afterClass()[pri:0, instance:tests.transferencia.Transferencia_propia_test@2c2b2766]" started-at="2023-11-14T09:18:14 CST" name="afterClass" finished-at="2023-11-14T09:18:19 CST" duration-ms="5482" status="PASS">
          <reporter-output>
          </reporter-output>
        </test-method> <!-- afterClass -->
      </class> <!-- tests.transferencia.Transferencia_propia_test -->
    </test> <!-- My Test -->
  </suite> <!-- My Suite -->
</testng-results>
